<?xml version="1.0" encoding="UTF-8"?>
<!-- Generated by org.testng.reporters.JUnitReportReporter -->
<testsuite hostname="DESKTOP-L29BKMN" failures="0" tests="18" name="Testrunner" time="596.389" errors="0" timestamp="9 Feb 2021 09:58:38 GMT">
  <testcase classname="Testrunner" name="feature" time="0.018"/>
  <testcase classname="Testrunner" name="feature" time="0.003"/>
  <testcase classname="Testrunner" name="feature" time="129.166"/>
  <testcase classname="Testrunner" name="feature" time="0.014"/>
  <testcase classname="Testrunner" name="feature" time="0.001"/>
  <testcase classname="Testrunner" name="feature" time="0.003"/>
  <testcase classname="Testrunner" name="feature" time="0.001"/>
  <testcase classname="Testrunner" name="feature" time="93.042"/>
  <testcase classname="Testrunner" name="feature" time="0.001"/>
  <testcase classname="Testrunner" name="feature" time="121.696"/>
  <testcase classname="Testrunner" name="feature" time="0.003"/>
  <testcase classname="Testrunner" name="feature" time="156.350"/>
  <testcase classname="Testrunner" name="feature" time="0.002"/>
  <testcase classname="Testrunner" name="feature" time="0.002"/>
  <testcase classname="Testrunner" name="feature" time="39.953"/>
  <testcase classname="Testrunner" name="feature" time="0.008"/>
  <testcase classname="Testrunner" name="feature" time="0.008"/>
  <testcase classname="Testrunner" name="feature" time="56.118"/>
</testsuite> <!-- Testrunner -->
